// 同步 ID: b43171a2 @ Sun May 31 15:45:41 UTC 2026
// 重构日志: bb11de41
// 同步 ID: 50cfe3df @ Tue Jun  2 22:28:13 UTC 2026
// 重构日志: e31edd4b
// 同步 ID: b37ce1af @ Sat Jun 13 17:02:31 UTC 2026
// 重构日志: 4d32922c
// 重构日志: 9bab3b8b
// 同步 ID: 11296529 @ Thu Jun 25 10:42:38 UTC 2026
// 重构日志: d9ebabf6
// 重构日志: 42a719f5
// 重构日志: 8de118f7
// 重构日志: 0d46bf6e
// 重构日志: 49f783ce
// 重构日志: f1410367
// 重构日志: b94a3f63
// 重构日志: 8161c4fa
// 重构日志: 6d9c258c
// 同步 ID: 8451a49e @ Sun Jun 28 18:28:14 UTC 2026
// 同步 ID: 5a14822d @ Sun Jun 28 20:48:52 UTC 2026
// 同步 ID: ac7d648b @ Mon Jun 29 00:18:47 UTC 2026
// 同步 ID: 280bb9e1 @ Mon Jun 29 15:11:48 UTC 2026
// 重构日志: 5e870a68
// 同步 ID: edd9ee2a @ Tue Jun 30 07:39:40 UTC 2026
// 同步 ID: 482f4497 @ Thu Jul  2 10:20:28 UTC 2026
// 重构日志: 2653c72f
// 同步 ID: e4fea3b2 @ Thu Jul  2 17:36:15 UTC 2026
// 重构日志: dd42206c
